1716028482169:register -h
1716028537413:exit
1716028825267:help
1716028842677:register -h
1716028898070:add -help
1716028902304:login -h
1716029004052:register Panda
1716029025719:register -h
1716029091824:register u- Panda
1716029119924:register -u Panda -ps ""
1716029163844:register -h
1716029389254:login -h
1716030931860:register Panda 123
1716031186178:register Panda 9779
1716031192533:login Panda 123
1716031204125:login Panda 1324
1716031213838:login Panda 9779
1716031224716:add 123 Telegram
1716031740873:register Panda 9779
1716031746123:login Panda 9779
1716031758059:create 1208 Instagram
1716031778927:create 12081206 Instagram
1716031792550:createPsd
1716031817482:createPsd 12081206 Telegramm
1716031832102:exit
